<?xml version="1.0" encoding="UTF-8"?>
<!-- Generated by org.testng.reporters.JUnitXMLReporter -->
<testsuite ignored="0" hostname="DESKTOP-M92ABDR" failures="1" tests="2" name="Test(failed)" time="53.914" errors="0" timestamp="2023-12-01T18:41:17 IST">
  <testcase classname="testCases.TC_002_LoginTest" name="verify_Login" time="11.903">
    <failure type="java.lang.AssertionError" message="null">
      <![CDATA[java.lang.AssertionError: null
at testCases.TC_002_LoginTest.verify_Login(TC_002_LoginTest.java:53)
at java.base/java.util.ArrayList.forEach(ArrayList.java:1511)
... Removed 27 stack frames]]>
    </failure>
  </testcase> <!-- verify_Login -->
  <testcase classname="testCases.TC_001_AccountRegistrationTest" name="verify_account_registration" time="2.361"/>
</testsuite> <!-- Test(failed) -->
